\BOOKMARK [0][-]{titlepage.0}{Title Page}{}% 1
\BOOKMARK [0][-]{chapter*.1}{Abstract}{}% 2
\BOOKMARK [0][-]{chapter*.2}{Ringraziamenti}{}% 3
\BOOKMARK [0][-]{contentsname.0}{Contents}{}% 4
\BOOKMARK [0][-]{chapter.1}{Introduction}{}% 5
\BOOKMARK [0][-]{chapter.2}{Definitions}{}% 6
\BOOKMARK [1][-]{section.2.1}{Artificial Intelligence and Machine Learning}{chapter.2}% 7
\BOOKMARK [1][-]{section.2.2}{Artificial Neural Networks}{chapter.2}% 8
\BOOKMARK [2][-]{subsection.2.2.1}{Vanilla neural networks}{section.2.2}% 9
\BOOKMARK [2][-]{subsection.2.2.2}{ANN Training}{section.2.2}% 10
\BOOKMARK [2][-]{subsection.2.2.3}{Deep learning and Convolutitional Neural Networks}{section.2.2}% 11
\BOOKMARK [2][-]{subsection.2.2.4}{DL accelerators}{section.2.2}% 12
\BOOKMARK [1][-]{section.2.3}{ONNX}{chapter.2}% 13
\BOOKMARK [1][-]{section.2.4}{Conclusions}{chapter.2}% 14
\BOOKMARK [0][-]{chapter.3}{State of the art}{}% 15
\BOOKMARK [1][-]{section.3.1}{Chapter structure}{chapter.3}% 16
\BOOKMARK [1][-]{section.3.2}{StreamIt}{chapter.3}% 17
\BOOKMARK [2][-]{subsection.3.2.1}{Streaming Application Domain}{section.3.2}% 18
\BOOKMARK [3][-]{subsubsection.3.2.1.1}{Large stream of data}{subsection.3.2.1}% 19
\BOOKMARK [3][-]{subsubsection.3.2.1.2}{Independent stream filters}{subsection.3.2.1}% 20
\BOOKMARK [3][-]{subsubsection.3.2.1.3}{Stable computation pattern}{subsection.3.2.1}% 21
\BOOKMARK [3][-]{subsubsection.3.2.1.4}{Occasional out-of-stream communication}{subsection.3.2.1}% 22
\BOOKMARK [3][-]{subsubsection.3.2.1.5}{High performance expectations}{subsection.3.2.1}% 23
\BOOKMARK [2][-]{subsection.3.2.2}{Streamit Program}{section.3.2}% 24
\BOOKMARK [2][-]{subsection.3.2.3}{Compilation Infrastructure}{section.3.2}% 25
\BOOKMARK [3][-]{subsubsection.3.2.3.1}{Stream Graph Scheduling}{subsection.3.2.3}% 26
\BOOKMARK [3][-]{subsubsection.3.2.3.2}{Partitioning}{subsection.3.2.3}% 27
\BOOKMARK [3][-]{subsubsection.3.2.3.3}{Layout}{subsection.3.2.3}% 28
\BOOKMARK [3][-]{subsubsection.3.2.3.4}{Communication scheduler}{subsection.3.2.3}% 29
\BOOKMARK [1][-]{section.3.3}{VitisAI}{chapter.3}% 30
\BOOKMARK [2][-]{subsection.3.3.1}{Optimization tools}{section.3.3}% 31
\BOOKMARK [1][-]{section.3.4}{Halide}{chapter.3}% 32
\BOOKMARK [2][-]{subsection.3.4.1}{Algorithm definition}{section.3.4}% 33
\BOOKMARK [2][-]{subsection.3.4.2}{Schedule definition}{section.3.4}% 34
\BOOKMARK [2][-]{subsection.3.4.3}{Halide Compiler}{section.3.4}% 35
\BOOKMARK [2][-]{subsection.3.4.4}{Deep learning applications}{section.3.4}% 36
\BOOKMARK [0][-]{chapter.4}{Proposed design flow}{}% 37
\BOOKMARK [1][-]{section.4.1}{Motivations}{chapter.4}% 38
\BOOKMARK [1][-]{section.4.2}{Design flow}{chapter.4}% 39
\BOOKMARK [1][-]{section.4.3}{The Bambu back-end}{chapter.4}% 40
\BOOKMARK [2][-]{subsection.4.3.1}{Filters extraction}{section.4.3}% 41
\BOOKMARK [2][-]{subsection.4.3.2}{IR optimizations}{section.4.3}% 42
\BOOKMARK [2][-]{subsection.4.3.3}{Code generation}{section.4.3}% 43
\BOOKMARK [1][-]{section.4.4}{Parallel and vectorized operations}{chapter.4}% 44
\BOOKMARK [1][-]{section.4.5}{Conclusions}{chapter.4}% 45
\BOOKMARK [0][-]{section*.11}{List of Figures}{}% 46
\BOOKMARK [0][-]{section*.12}{List of Tables}{}% 47
\BOOKMARK [0][-]{section*.13}{Bibliography}{}% 48
